<?xml version="1.0" encoding="UTF-8"?>
<!-- Generated by org.testng.reporters.JUnitXMLReporter -->
<testsuite ignored="0" hostname="DESKTOP-M2KK1QU" failures="0" tests="4" name="Test one" time="37.9" errors="0" timestamp="2025-11-24T21:29:14 IST">
  <testcase classname="testscript.LoginTest" name="verifyUserLoginWithValidCredentials" time="3.132"/>
  <testcase classname="testscript.LoginTest" name="verifyUserLoginWithInvalidUsernameAndValidPassword" time="0.943"/>
  <testcase classname="testscript.LoginTest" name="VerifyUserLoginWithValidUsernameAndInvalidPassword" time="1.113"/>
  <testcase classname="testscript.LoginTest" name="verifyUserLoginWithInvalidCredentials" time="1.086"/>
</testsuite> <!-- Test one -->
