<?xml version="1.0" encoding="UTF-8"?>
<!-- Generated by org.testng.reporters.JUnitXMLReporter -->
<testsuite ignored="0" hostname="DESKTOP-M2KK1QU" failures="1" tests="3" name="Test two" time="3217.217" errors="0" timestamp="2025-11-24T22:22:52 IST">
  <testcase classname="testscript.AdminUserTest" name="verifyUserAbleToAddNewAdminUser" time="4.592"/>
  <testcase classname="testscript.AdminUserTest" name="verifyUserAbleToSearchNewlyAddedAdminUser" time="3130.981">
    <failure type="org.openqa.selenium.TimeoutException" message="java.net.http.HttpTimeoutException: request timed out
Build info: version: &amp;apos;4.34.0&amp;apos;, revision: &amp;apos;707dcb4246*&amp;apos;
System info: os.name: &amp;apos;Windows 10&amp;apos;, os.arch: &amp;apos;amd64&amp;apos;, os.version: &amp;apos;10.0&amp;apos;, java.version: &amp;apos;21.0.8&amp;apos;
Driver info: org.openqa.selenium.firefox.FirefoxDriver
Command: [b04a5cec-8601-4a17-b2c1-62b0cf18c3d1, clickElement {id=8695c346-d8ff-4df5-982f-a206ca3be191}]
Capabilities {acceptInsecureCerts: true, browserName: firefox, browserVersion: 145.0.1, moz:accessibilityChecks: false, moz:buildID: 20251118022223, moz:geckodriverVersion: 0.36.0, moz:headless: false, moz:platformVersion: 10.0, moz:processID: 1260, moz:profile: C:\Users\sadiy\AppData\Loca..., moz:shutdownTimeout: 60000, moz:webdriverClick: true, moz:windowless: false, pageLoadStrategy: normal, platformName: windows, proxy: Proxy(), setWindowRect: true, strictFileInteractability: false, timeouts: {implicit: 0, pageLoad: 300000, script: 30000}, unhandledPromptBehavior: dismiss and notify, userAgent: Mozilla/5.0 (Windows NT 10....}
Element: [[FirefoxDriver: firefox on windows (b04a5cec-8601-4a17-b2c1-62b0cf18c3d1)] -&amp;gt; xpath: //a[@onclick=&amp;apos;click_button(2)&amp;apos;]]
Session ID: b04a5cec-8601-4a17-b2c1-62b0cf18c3d1">
      <![CDATA[org.openqa.selenium.TimeoutException: java.net.http.HttpTimeoutException: request timed out
Build info: version: '4.34.0', revision: '707dcb4246*'
System info: os.name: 'Windows 10', os.arch: 'amd64', os.version: '10.0', java.version: '21.0.8'
Driver info: org.openqa.selenium.firefox.FirefoxDriver
Command: [b04a5cec-8601-4a17-b2c1-62b0cf18c3d1, clickElement {id=8695c346-d8ff-4df5-982f-a206ca3be191}]
Capabilities {acceptInsecureCerts: true, browserName: firefox, browserVersion: 145.0.1, moz:accessibilityChecks: false, moz:buildID: 20251118022223, moz:geckodriverVersion: 0.36.0, moz:headless: false, moz:platformVersion: 10.0, moz:processID: 1260, moz:profile: C:\Users\sadiy\AppData\Loca..., moz:shutdownTimeout: 60000, moz:webdriverClick: true, moz:windowless: false, pageLoadStrategy: normal, platformName: windows, proxy: Proxy(), setWindowRect: true, strictFileInteractability: false, timeouts: {implicit: 0, pageLoad: 300000, script: 30000}, unhandledPromptBehavior: dismiss and notify, userAgent: Mozilla/5.0 (Windows NT 10....}
Element: [[FirefoxDriver: firefox on windows (b04a5cec-8601-4a17-b2c1-62b0cf18c3d1)] -> xpath: //a[@onclick='click_button(2)']]
Session ID: b04a5cec-8601-4a17-b2c1-62b0cf18c3d1
at org.openqa.selenium.remote.http.jdk.JdkHttpClient.execute0(JdkHttpClient.java:498)
at org.openqa.selenium.remote.http.AddSeleniumUserAgent.lambda$apply$0(AddSeleniumUserAgent.java:42)
at org.openqa.selenium.remote.http.Filter.lambda$andFinally$1(Filter.java:55)
at org.openqa.selenium.remote.http.jdk.JdkHttpClient.lambda$executeAsync$2(JdkHttpClient.java:387)
at java.base/java.util.concurrent.Executors$RunnableAdapter.call(Executors.java:572)
at java.base/java.util.concurrent.FutureTask.run(FutureTask.java:317)
at java.base/java.util.concurrent.ThreadPoolExecutor.runWorker(ThreadPoolExecutor.java:1144)
at java.base/java.util.concurrent.ThreadPoolExecutor$Worker.run(ThreadPoolExecutor.java:642)
at java.base/java.lang.Thread.run(Thread.java:1583)
Caused by: java.net.http.HttpTimeoutException: request timed out
at java.net.http/jdk.internal.net.http.HttpClientImpl.send(HttpClientImpl.java:953)
at java.net.http/jdk.internal.net.http.HttpClientFacade.send(HttpClientFacade.java:133)
at org.openqa.selenium.remote.http.jdk.JdkHttpClient.execute0(JdkHttpClient.java:459)
... 8 more
]]>
    </failure>
  </testcase> <!-- verifyUserAbleToSearchNewlyAddedAdminUser -->
  <testcase classname="testscript.AdminUserTest" name="verifyUserAbleToResetAdminUser" time="3.909"/>
</testsuite> <!-- Test two -->
