<?xml version="1.0" encoding="UTF-8"?>
<!-- Generated by org.testng.reporters.JUnitXMLReporter -->
<testsuite ignored="2" hostname="DESKTOP-M2KK1QU" failures="0" tests="1" name="Default test" time="10.306" errors="0" timestamp="2025-11-10T19:13:06 IST">
  <testcase classname="testscript.AdminUserTest" name="verifyUserAbleToAddNewAdminUser" time="4.911"/>
  <testcase classname="testscript.AdminUserTest" name="verifyUserAbleToResetAdminUser" time="0.0">
    <ignored/>
  </testcase> <!-- verifyUserAbleToResetAdminUser -->
  <testcase classname="testscript.AdminUserTest" name="verifyUserAbleToSearchNewlyAddedAdminUser" time="0.0">
    <ignored/>
  </testcase> <!-- verifyUserAbleToSearchNewlyAddedAdminUser -->
</testsuite> <!-- Default test -->
