<?xml version="1.0" encoding="UTF-8"?>
<!-- Generated by org.testng.reporters.JUnitXMLReporter -->
<testsuite ignored="2" hostname="DESKTOP-M2KK1QU" failures="0" tests="1" name="Default test" time="29.181" errors="0" timestamp="2025-11-12T21:00:00 IST">
  <testcase classname="testscript.AdminUserTest" name="verifyUserAbleToSearchNewlyAddedAdminUser" time="5.879"/>
  <testcase classname="testscript.AdminUserTest" name="verifyUserAbleToAddNewAdminUser" time="0.0">
    <ignored/>
  </testcase> <!-- verifyUserAbleToAddNewAdminUser -->
  <testcase classname="testscript.AdminUserTest" name="verifyUserAbleToResetAdminUser" time="0.0">
    <ignored/>
  </testcase> <!-- verifyUserAbleToResetAdminUser -->
</testsuite> <!-- Default test -->
