<?xml version="1.0" encoding="UTF-8"?>
<!-- Generated by org.testng.reporters.JUnitReportReporter -->
<testsuite hostname="DESKTOP-M2KK1QU" failures="0" tests="3" name="testscript.AdminUserTest" time="34.233" errors="0" timestamp="2025-11-26T19:34:52 IST" skipped="0">
  <testcase classname="testscript.AdminUserTest" name="verifyUserAbleToAddNewAdminUser" time="15.212"/>
  <testcase classname="testscript.AdminUserTest" name="verifyUserAbleToSearchNewlyAddedAdminUser" time="8.295"/>
  <testcase classname="testscript.AdminUserTest" name="verifyUserAbleToResetAdminUser" time="10.726"/>
</testsuite> <!-- testscript.AdminUserTest -->
