<?xml version="1.0" encoding="UTF-8"?>
<!-- Generated by org.testng.reporters.JUnitReportReporter -->
<testsuite hostname="DESKTOP-M2KK1QU" failures="0" tests="3" name="testscript.AdminUserTest" time="30.614" errors="0" timestamp="2025-11-25T11:06:18 IST" skipped="0">
  <testcase classname="testscript.AdminUserTest" name="verifyUserAbleToAddNewAdminUser" time="9.417"/>
  <testcase classname="testscript.AdminUserTest" name="verifyUserAbleToSearchNewlyAddedAdminUser" time="8.580"/>
  <testcase classname="testscript.AdminUserTest" name="verifyUserAbleToResetAdminUser" time="12.617"/>
</testsuite> <!-- testscript.AdminUserTest -->
