<?xml version="1.0" encoding="UTF-8"?>
<!-- Generated by org.testng.reporters.JUnitReportReporter -->
<testsuite hostname="DESKTOP-M2KK1QU" failures="0" tests="3" name="testscript.ManageNewsTest" time="20.041" errors="0" timestamp="2025-11-26T19:37:06 IST" skipped="0">
  <testcase classname="testscript.ManageNewsTest" name="verifyUserAbleToAddNewNews" time="7.832"/>
  <testcase classname="testscript.ManageNewsTest" name="verifyUserAbleToSearchAddedNews" time="5.606"/>
  <testcase classname="testscript.ManageNewsTest" name="verifyUserAbleToRestNews" time="6.603"/>
</testsuite> <!-- testscript.ManageNewsTest -->
