<?xml version="1.0" encoding="UTF-8"?>
<!-- Generated by org.testng.reporters.JUnitReportReporter -->
<testsuite hostname="DESKTOP-M2KK1QU" failures="0" tests="3" name="testscript.ManageNewsTest" time="34.943" errors="0" timestamp="2025-11-20T20:21:20 IST" skipped="0">
  <testcase classname="testscript.ManageNewsTest" name="verifyUserAbleToAddNewNews" time="10.345"/>
  <testcase classname="testscript.ManageNewsTest" name="verifyUserAbleToSearchAddedNews" time="8.534"/>
  <testcase classname="testscript.ManageNewsTest" name="verifyUserAbleToRestNews" time="16.064"/>
</testsuite> <!-- testscript.ManageNewsTest -->
