<?xml version="1.0" encoding="UTF-8"?>
<!-- Generated by org.testng.reporters.JUnitReportReporter -->
<testsuite hostname="DESKTOP-M2KK1QU" failures="0" tests="2" name="testscript.LoginTest" time="9.781" errors="0" timestamp="2025-11-25T12:18:11 IST" skipped="0">
  <testcase classname="testscript.LoginTest" name="verifyUserLoginWithInvalidCredentials" time="4.014"/>
  <testcase classname="testscript.LoginTest" name="verifyUserLoginWithInvalidCredentials" time="5.767"/>
</testsuite> <!-- testscript.LoginTest -->
