<?xml version="1.0" encoding="UTF-8"?>
<!-- Generated by org.testng.reporters.JUnitXMLReporter -->
<testsuite ignored="0" hostname="DESKTOP-M2KK1QU" failures="0" tests="3" name="Test" time="20.141" errors="0" timestamp="2025-11-26T19:37:06 IST">
  <testcase classname="testscript.ManageNewsTest" name="verifyUserAbleToAddNewNews" time="4.796"/>
  <testcase classname="testscript.ManageNewsTest" name="verifyUserAbleToSearchAddedNews" time="2.689"/>
  <testcase classname="testscript.ManageNewsTest" name="verifyUserAbleToRestNews" time="2.926"/>
</testsuite> <!-- Test -->
