<?xml version="1.0" encoding="UTF-8"?>
<testng-results ignored="0" total="1" passed="1" failed="0" skipped="0">
  <reporter-output>
  </reporter-output>
  <suite started-at="2025-11-12T20:59:30 IST" name="Default suite" finished-at="2025-11-12T21:00:00 IST" duration-ms="29181">
    <groups>
    </groups>
    <test started-at="2025-11-12T20:59:30 IST" name="Default test" finished-at="2025-11-12T21:00:00 IST" duration-ms="29181">
      <class name="testscript.AdminUserTest">
        <test-method is-config="true" signature="intializeBrowser()[pri:0, instance:testscript.AdminUserTest@7b2bbc3]" started-at="2025-11-12T20:59:31 IST" name="intializeBrowser" finished-at="2025-11-12T20:59:54 IST" duration-ms="23185" status="PASS">
          <reporter-output>
          </reporter-output>
        </test-method> <!-- intializeBrowser -->
        <test-method signature="verifyUserAbleToSearchNewlyAddedAdminUser()[pri:0, instance:testscript.AdminUserTest@7b2bbc3]" started-at="2025-11-12T20:59:54 IST" name="verifyUserAbleToSearchNewlyAddedAdminUser" finished-at="2025-11-12T21:00:00 IST" duration-ms="5879" status="PASS">
          <reporter-output>
          </reporter-output>
        </test-method> <!-- verifyUserAbleToSearchNewlyAddedAdminUser -->
        <test-method is-config="true" signature="driverCloseAndQuit()[pri:0, instance:testscript.AdminUserTest@7b2bbc3]" started-at="2025-11-12T21:00:00 IST" name="driverCloseAndQuit" finished-at="2025-11-12T21:00:00 IST" duration-ms="5" status="PASS">
          <reporter-output>
          </reporter-output>
        </test-method> <!-- driverCloseAndQuit -->
      </class> <!-- testscript.AdminUserTest -->
    </test> <!-- Default test -->
  </suite> <!-- Default suite -->
</testng-results>
