<?xml version="1.0" encoding="UTF-8"?>
<testng-results ignored="0" total="1" passed="1" failed="0" skipped="0">
  <reporter-output>
  </reporter-output>
  <suite started-at="2025-11-07T22:35:37 IST" name="Default suite" finished-at="2025-11-07T22:35:55 IST" duration-ms="18673">
    <groups>
    </groups>
    <test started-at="2025-11-07T22:35:37 IST" name="Default test" finished-at="2025-11-07T22:35:55 IST" duration-ms="18673">
      <class name="testscript.HomeTest">
        <test-method is-config="true" signature="intializeBrowser()[pri:0, instance:testscript.HomeTest@2a4fb17b]" started-at="2025-11-07T22:35:37 IST" name="intializeBrowser" finished-at="2025-11-07T22:35:49 IST" duration-ms="11758" status="PASS">
          <reporter-output>
          </reporter-output>
        </test-method> <!-- intializeBrowser -->
        <test-method signature="VerifyUSerCanLogoutSucessfully()[pri:0, instance:testscript.HomeTest@2a4fb17b]" started-at="2025-11-07T22:35:49 IST" name="VerifyUSerCanLogoutSucessfully" finished-at="2025-11-07T22:35:55 IST" duration-ms="6821" status="PASS">
          <reporter-output>
          </reporter-output>
        </test-method> <!-- VerifyUSerCanLogoutSucessfully -->
        <test-method is-config="true" signature="driverCloseAndQuit()[pri:0, instance:testscript.HomeTest@2a4fb17b]" started-at="2025-11-07T22:35:55 IST" name="driverCloseAndQuit" finished-at="2025-11-07T22:35:55 IST" duration-ms="1" status="PASS">
          <reporter-output>
          </reporter-output>
        </test-method> <!-- driverCloseAndQuit -->
      </class> <!-- testscript.HomeTest -->
    </test> <!-- Default test -->
  </suite> <!-- Default suite -->
</testng-results>
