<?xml version="1.0" encoding="UTF-8"?>
<!-- Generated by org.testng.reporters.JUnitXMLReporter -->
<testsuite ignored="0" hostname="DESKTOP-M2KK1QU" failures="0" tests="3" name="Test two" time="82.722" errors="0" timestamp="2025-11-20T11:45:57 IST">
  <testcase classname="testscript.AdminUserTest" name="verifyUserAbleToAddNewAdminUser" time="12.609"/>
  <testcase classname="testscript.AdminUserTest" name="verifyUserAbleToSearchNewlyAddedAdminUser" time="10.004"/>
  <testcase classname="testscript.AdminUserTest" name="verifyUserAbleToResetAdminUser" time="7.496"/>
</testsuite> <!-- Test two -->
