<?xml version="1.0" encoding="UTF-8"?>
<!-- Generated by org.testng.reporters.JUnitXMLReporter -->
<testsuite ignored="3" hostname="DESKTOP-M2KK1QU" failures="0" tests="1" name="firefox Test" time="13.135" errors="0" timestamp="2025-11-19T19:25:46 IST">
  <testcase classname="testscript.LoginTest" name="verifyUserLoginWithInvalidUsernameAndValidPassword" time="1.386"/>
  <testcase classname="testscript.LoginTest" name="verifyUserLoginWithInvalidCredentials" time="0.0">
    <ignored/>
  </testcase> <!-- verifyUserLoginWithInvalidCredentials -->
  <testcase classname="testscript.LoginTest" name="VerifyUserLoginWithValidUsernameAndInvalidPassword" time="0.0">
    <ignored/>
  </testcase> <!-- VerifyUserLoginWithValidUsernameAndInvalidPassword -->
  <testcase classname="testscript.LoginTest" name="verifyUserLoginWithValidCredentials" time="0.0">
    <ignored/>
  </testcase> <!-- verifyUserLoginWithValidCredentials -->
</testsuite> <!-- firefox Test -->
